::1 - - [02/Feb/2018:15:11:55 +0800] "GET / HTTP/1.1" 200 77339
::1 - - [02/Feb/2018:15:11:55 +0800] "GET /index.php?=PHPE9568F35-D428-11d2-A769-00AA001ACF42 HTTP/1.1" 200 2146
::1 - - [02/Feb/2018:15:11:55 +0800] "GET /index.php?=PHPE9568F34-D428-11d2-A769-00AA001ACF42 HTTP/1.1" 200 2524
::1 - - [02/Feb/2018:15:11:57 +0800] "GET /favicon.ico HTTP/1.1" 404 209
::1 - - [02/Feb/2018:15:12:13 +0800] "GET /wordpress/wp-content/themes/twentyseventeen/style.css?ver=4.9.2 HTTP/1.1" 200 83036
::1 - - [02/Feb/2018:15:12:04 +0800] "GET /wordpress/ HTTP/1.1" 200 53369
::1 - - [02/Feb/2018:15:12:13 +0800] "GET /wordpress/wp-content/themes/twentyseventeen/assets/images/header.jpg HTTP/1.1" 200 114854
::1 - - [02/Feb/2018:15:12:13 +0800] "GET /wordpress/wp-content/themes/twentyseventeen/assets/js/skip-link-focus-fix.js?ver=1.0 HTTP/1.1" 200 683
::1 - - [02/Feb/2018:15:12:13 +0800] "GET /wordpress/wp-content/themes/twentyseventeen/assets/js/jquery.scrollTo.js?ver=2.1.2 HTTP/1.1" 200 5836
::1 - - [02/Feb/2018:15:12:13 +0800] "GET /wordpress/wp-content/themes/twentyseventeen/assets/js/global.js?ver=1.0 HTTP/1.1" 200 7682
::1 - - [02/Feb/2018:15:12:13 +0800] "GET /wordpress/wp-includes/js/wp-embed.min.js?ver=4.9.2 HTTP/1.1" 200 1398
::1 - - [02/Feb/2018:15:12:23 +0800] "POST /wordpress/wp-cron.php?doing_wp_cron=1517555531.2034840583801269531250 HTTP/1.1" 200 -
::1 - - [02/Feb/2018:15:14:07 +0800] "GET /wordpress/wp-admin/ HTTP/1.1" 302 -
::1 - - [02/Feb/2018:15:14:07 +0800] "GET /wordpress/wp-admin/ HTTP/1.1" 302 -
::1 - - [02/Feb/2018:15:14:07 +0800] "GET /wordpress/wp-login.php?redirect_to=http%3A%2F%2Flocalhost%2Fwordpress%2Fwp-admin%2F&reauth=1 HTTP/1.1" 200 2279
::1 - - [02/Feb/2018:15:14:08 +0800] "GET /wordpress/wp-admin/load-styles.php?c=1&dir=ltr&load%5B%5D=dashicons,buttons,forms,l10n,login&ver=4.9.2 HTTP/1.1" 200 38592
::1 - - [02/Feb/2018:15:14:17 +0800] "POST /wordpress/wp-login.php HTTP/1.1" 302 -
::1 - - [02/Feb/2018:15:14:18 +0800] "GET /wordpress/wp-admin/load-scripts.php?c=1&load%5B%5D=jquery-core,jquery-migrate,utils&ver=4.9.2 HTTP/1.1" 200 41526
::1 - - [02/Feb/2018:15:14:17 +0800] "GET /wordpress/wp-admin/ HTTP/1.1" 200 53975
::1 - - [02/Feb/2018:15:14:18 +0800] "GET /wordpress/wp-admin/load-styles.php?c=1&dir=ltr&load%5B%5D=dashicons,admin-bar,common,forms,admin-menu,dashboard,list-tables,edit,revisions,media,themes,about,nav-menus,wp-pointer,widgets&load%5B%5D=,site-icon,l10n,buttons,wp-auth-check&ver=4.9.2 HTTP/1.1" 200 94639
::1 - - [02/Feb/2018:15:14:19 +0800] "GET /wordpress/wp-admin/load-scripts.php?c=1&load%5B%5D=hoverIntent,common,admin-bar,wp-ajax-response,jquery-color,wp-lists,quicktags,jquery-query,admin-comments,jquery-ui-core,jquery-&load%5B%5D=ui-widget,jquery-ui-mouse,jquery-ui-sortable,postbox,underscore,wp-util,wp-a11y,dashboard,thickbox,plugin-install,updates,shortc&load%5B%5D=ode,media-upload,svg-painter,heartbeat,wp-auth-check,wplink,jquery-ui-position,jquery-ui-menu,jquery-ui-autocomplete&ver=4.9.2 HTTP/1.1" 200 79075
::1 - - [02/Feb/2018:15:14:20 +0800] "POST /wordpress/wp-admin/admin-ajax.php HTTP/1.1" 200 60
::1 - - [02/Feb/2018:15:14:39 +0800] "GET /wordpress/wp-includes/js/mediaelement/wp-mediaelement.min.css?ver=4.9.2 HTTP/1.1" 200 4068
::1 - - [02/Feb/2018:15:14:39 +0800] "GET /wordpress/wp-includes/js/mediaelement/mediaelementplayer-legacy.min.css?ver=4.2.6-78496d1 HTTP/1.1" 200 11232
::1 - - [02/Feb/2018:15:14:39 +0800] "GET /wordpress/wp-includes/js/codemirror/codemirror.min.css?ver=5.29.1-alpha-ee20357 HTTP/1.1" 200 15899
::1 - - [02/Feb/2018:15:14:39 +0800] "GET /wordpress/wp-includes/js/imgareaselect/imgareaselect.css?ver=0.9.8 HTTP/1.1" 200 790
::1 - - [02/Feb/2018:15:14:39 +0800] "GET /wordpress/wp-includes/js/mediaelement/mediaelement-migrate.min.js?ver=4.9.2 HTTP/1.1" 200 1193
::1 - - [02/Feb/2018:15:14:39 +0800] "GET /wordpress/wp-includes/js/mediaelement/wp-mediaelement.min.js?ver=4.9.2 HTTP/1.1" 200 733
::1 - - [02/Feb/2018:15:14:39 +0800] "GET /wordpress/wp-includes/js/mediaelement/mediaelement-and-player.min.js?ver=4.2.6-78496d1 HTTP/1.1" 200 156559
::1 - - [02/Feb/2018:15:14:39 +0800] "GET /wordpress/wp-includes/js/api-request.min.js?ver=4.9.2 HTTP/1.1" 200 697
::1 - - [02/Feb/2018:15:14:39 +0800] "GET /wordpress/wp-includes/js/media-audiovideo.min.js?ver=4.9.2 HTTP/1.1" 200 12373
::1 - - [02/Feb/2018:15:14:39 +0800] "GET /wordpress/wp-includes/js/media-editor.min.js?ver=4.9.2 HTTP/1.1" 200 10905
::1 - - [02/Feb/2018:15:14:39 +0800] "GET /wordpress/wp-admin/load-styles.php?c=1&dir=ltr&load%5B%5D=dashicons,common,forms,admin-menu,dashboard,list-tables,edit,revisions,media,themes,about,nav-menus,wp-pointer,widgets,site-icon&load%5B%5D=,l10n,buttons,customize-controls,customize-widgets,customize-nav-menus,wp-color-picker,media-views,code-editor&ver=4.9.2 HTTP/1.1" 200 116242
::1 - - [02/Feb/2018:15:14:39 +0800] "GET /wordpress/wp-admin/js/code-editor.min.js?ver=4.9.2 HTTP/1.1" 200 3169
::1 - - [02/Feb/2018:15:14:39 +0800] "GET /wordpress/wp-includes/js/media-views.min.js?ver=4.9.2 HTTP/1.1" 200 100519
::1 - - [02/Feb/2018:15:14:39 +0800] "GET /wordpress/wp-includes/js/codemirror/csslint.js?ver=1.0.5 HTTP/1.1" 200 377627
::1 - - [02/Feb/2018:15:14:39 +0800] "GET /wordpress/wp-admin/js/widgets/media-audio-widget.min.js?ver=4.9.2 HTTP/1.1" 200 1440
::1 - - [02/Feb/2018:15:14:39 +0800] "GET /wordpress/wp-admin/js/widgets/media-widgets.min.js?ver=4.9.2 HTTP/1.1" 200 14422
::1 - - [02/Feb/2018:15:14:39 +0800] "GET /wordpress/wp-admin/js/widgets/media-gallery-widget.min.js?ver=4.9.2 HTTP/1.1" 200 3779
::1 - - [02/Feb/2018:15:14:39 +0800] "GET /wordpress/wp-includes/js/codemirror/codemirror.min.js?ver=5.29.1-alpha-ee20357 HTTP/1.1" 200 585414
::1 - - [02/Feb/2018:15:14:39 +0800] "GET /wordpress/wp-admin/js/widgets/media-video-widget.min.js?ver=4.9.2 HTTP/1.1" 200 2705
::1 - - [02/Feb/2018:15:14:39 +0800] "GET /wordpress/wp-admin/js/editor.min.js?ver=4.9.2 HTTP/1.1" 200 13544
::1 - - [02/Feb/2018:15:14:39 +0800] "GET /wordpress/wp-admin/js/widgets/text-widgets.min.js?ver=4.9.2 HTTP/1.1" 200 5924
::1 - - [02/Feb/2018:15:14:39 +0800] "GET /wordpress/wp-admin/js/widgets/media-image-widget.min.js?ver=4.9.2 HTTP/1.1" 200 2023
::1 - - [02/Feb/2018:15:14:39 +0800] "GET /wordpress/wp-admin/js/widgets/custom-html-widgets.min.js?ver=4.9.2 HTTP/1.1" 200 5578
::1 - - [02/Feb/2018:15:14:39 +0800] "GET /wordpress/wp-includes/js/codemirror/htmlhint.js?ver=0.9.14-xwp HTTP/1.1" 200 17735
::1 - - [02/Feb/2018:15:14:40 +0800] "GET /wordpress/wp-content/themes/twentyseventeen/assets/js/customize-controls.js?ver=1.0 HTTP/1.1" 200 1137
::1 - - [02/Feb/2018:15:14:40 +0800] "GET /wordpress/wp-admin/load-styles.php?c=1&dir=ltr&load%5B%5D=editor-buttons&ver=4.9.2 HTTP/1.1" 200 6488
::1 - - [02/Feb/2018:15:14:31 +0800] "GET /wordpress/wp-admin/customize.php HTTP/1.1" 200 335986
::1 - - [02/Feb/2018:15:14:39 +0800] "GET /wordpress/wp-admin/load-scripts.php?c=1&load%5B%5D=jquery-core,jquery-migrate,underscore,wp-a11y,wp-util,jquery-ui-core,jquery-ui-widget,jquery-ui-mouse,jquery-ui-sortable,jquery-&load%5B%5D=ui-draggable,jquery-ui-droppable,backbone,wp-backbone,wp-ajax-response,jquery-color,wp-lists,postbox,nav-menu,shortcode,utils,me&load%5B%5D=dia-models,moxiejs,plupload,wp-plupload&ver=4.9.2 HTTP/1.1" 200 134135
::1 - - [02/Feb/2018:15:14:39 +0800] "GET /wordpress/wp-includes/js/codemirror/jshint.js?ver=2.9.5 HTTP/1.1" 200 1053899
::1 - - [02/Feb/2018:15:14:40 +0800] "GET /wordpress/wp-includes/js/tinymce/wp-tinymce.php?c=1&ver=4607-20171116 HTTP/1.1" 200 210699
::1 - - [02/Feb/2018:15:14:20 +0800] "GET /wordpress/wp-admin/admin-ajax.php?action=dashboard-widgets&widget=dashboard_primary&pagenow=dashboard HTTP/1.1" 200 944
::1 - - [02/Feb/2018:15:14:40 +0800] "GET /wordpress/wp-admin/load-scripts.php?c=1&load%5B%5D=heartbeat,customize-base,customize-controls,customize-widgets,accordion,customize-nav-menus,jquery-ui-slider,jquery-touch-punch,&load%5B%5D=iris,wp-color-picker,imgareaselect,customize-models,customize-views,mce-view,image-edit,updates,quicktags,wplink,jquery-ui-posit&load%5B%5D=ion,jquery-ui-menu,jquery-ui-autocomplete,thickbox,media-upload&ver=4.9.2 HTTP/1.1" 200 114013
::1 - - [02/Feb/2018:15:14:43 +0800] "GET /wordpress/wp-content/themes/twentyseventeen/assets/css/colors-dark.css?ver=1.0 HTTP/1.1" 200 17961
::1 - - [02/Feb/2018:15:14:43 +0800] "GET /wordpress/wp-includes/css/customize-preview.min.css?ver=4.9.2 HTTP/1.1" 200 4970
::1 - - [02/Feb/2018:15:14:43 +0800] "GET /wordpress/wp-content/uploads/2018/02/espresso.jpg HTTP/1.1" 200 93540
::1 - - [02/Feb/2018:15:14:43 +0800] "GET /wordpress/wp-content/uploads/2018/02/coffee.jpg HTTP/1.1" 200 117713
::1 - - [02/Feb/2018:15:14:43 +0800] "GET /wordpress/wp-content/uploads/2018/02/sandwich.jpg HTTP/1.1" 200 171858
::1 - - [02/Feb/2018:15:14:43 +0800] "GET /wordpress/wp-includes/js/wp-a11y.min.js?ver=4.9.2 HTTP/1.1" 200 653
::1 - - [02/Feb/2018:15:14:43 +0800] "GET /wordpress/wp-includes/js/customize-base.min.js?ver=4.9.2 HTTP/1.1" 200 7959
::1 - - [02/Feb/2018:15:14:43 +0800] "GET /wordpress/wp-content/themes/twentyseventeen/assets/js/customize-preview.js?ver=1.0 HTTP/1.1" 200 4480
::1 - - [02/Feb/2018:15:14:42 +0800] "GET /wordpress/?customize_changeset_uuid=f7a98aa8-4790-483a-83a0-f13f981dcfbb&customize_theme=twentyseventeen&customize_messenger_channel=preview-0 HTTP/1.1" 200 112860
::1 - - [02/Feb/2018:15:14:43 +0800] "GET /wordpress/wp-includes/js/customize-preview.min.js?ver=4.9.2 HTTP/1.1" 200 10900
::1 - - [02/Feb/2018:15:14:43 +0800] "GET /wordpress/wp-content/themes/twentyseventeen/assets/js/navigation.js?ver=1.0 HTTP/1.1" 200 3754
::1 - - [02/Feb/2018:15:14:43 +0800] "GET /wordpress/wp-includes/js/mediaelement/renderers/vimeo.min.js?ver=4.2.6-78496d1 HTTP/1.1" 200 6170
::1 - - [02/Feb/2018:15:14:43 +0800] "GET /wordpress/wp-includes/js/customize-preview-widgets.min.js?ver=4.9.2 HTTP/1.1" 200 7899
::1 - - [02/Feb/2018:15:14:43 +0800] "GET /wordpress/wp-includes/js/customize-selective-refresh.min.js?ver=4.9.2 HTTP/1.1" 200 10774
::1 - - [02/Feb/2018:15:14:44 +0800] "GET /wordpress/wp-includes/js/customize-preview-nav-menus.min.js?ver=4.9.2 HTTP/1.1" 200 5050
::1 - - [02/Feb/2018:15:14:44 +0800] "GET /wordpress/wp-includes/js/wp-custom-header.min.js?ver=4.9.2 HTTP/1.1" 200 4462
::1 - - [02/Feb/2018:15:15:41 +0800] "POST /wordpress/wp-admin/admin-ajax.php HTTP/1.1" 200 47
::1 - - [02/Feb/2018:15:16:41 +0800] "POST /wordpress/wp-admin/admin-ajax.php HTTP/1.1" 200 47
::1 - - [02/Feb/2018:15:18:42 +0800] "POST /wordpress/wp-admin/admin-ajax.php HTTP/1.1" 200 47
::1 - - [02/Feb/2018:15:19:43 +0800] "POST /wordpress/wp-admin/admin-ajax.php HTTP/1.1" 200 47
::1 - - [02/Feb/2018:15:20:43 +0800] "POST /wordpress/wp-admin/admin-ajax.php HTTP/1.1" 200 47
::1 - - [02/Feb/2018:15:21:44 +0800] "POST /wordpress/wp-admin/admin-ajax.php HTTP/1.1" 200 47
