2018-01-31 15:55:33 8496 [Note] Plugin 'FEDERATED' is disabled.
2018-01-31 15:55:33 8496 [Note] InnoDB: The InnoDB memory heap is disabled
2018-01-31 15:55:33 8496 [Note] InnoDB: Mutexes and rw_locks use Windows interlocked functions
2018-01-31 15:55:33 8496 [Note] InnoDB: Compressed tables use zlib 1.2.3
2018-01-31 15:55:33 8496 [Note] InnoDB: Not using CPU crc32 instructions
2018-01-31 15:55:33 8496 [Note] InnoDB: Initializing buffer pool, size = 128.0M
2018-01-31 15:55:33 8496 [Note] InnoDB: Completed initialization of buffer pool
2018-01-31 15:55:33 8496 [Note] InnoDB: Setting log file C:\Users\ITE152A-36\Desktop\ITE15\mysql\data\ib_logfile101 size to 5 MB
2018-01-31 15:55:33 8496 [Note] InnoDB: Setting log file C:\Users\ITE152A-36\Desktop\ITE15\mysql\data\ib_logfile1 size to 5 MB
2018-01-31 15:55:34 8496 [Note] InnoDB: Renaming log file C:\Users\ITE152A-36\Desktop\ITE15\mysql\data\ib_logfile101 to C:\Users\ITE152A-36\Desktop\ITE15\mysql\data\ib_logfile0
2018-01-31 15:55:34 8496 [Warning] InnoDB: New log files created, LSN=1626134
2018-01-31 15:55:34 8496 [Note] InnoDB: Highest supported file format is Barracuda.
2018-01-31 15:55:34 8496 [Note] InnoDB: 128 rollback segment(s) are active.
2018-01-31 15:55:34 8496 [Note] InnoDB: Waiting for purge to start
2018-01-31 15:55:34 8496 [Note] InnoDB: 5.6.13 started; log sequence number 1626636
2018-01-31 15:55:34 8496 [Warning] No existing UUID has been found, so we assume that this is the first time that this server has been started. Generating a new UUID: 1dee1dd2-065c-11e8-86ff-10bf4882cf8b.
2018-01-31 15:55:34 8496 [Note] Server hostname (bind-address): '*'; port: 3307
2018-01-31 15:55:34 8496 [Note] IPv6 is available.
2018-01-31 15:55:34 8496 [Note]   - '::' resolves to '::';
2018-01-31 15:55:34 8496 [Note] Server socket created on IP: '::'.
2018-01-31 15:55:44 2252 [Note] Plugin 'FEDERATED' is disabled.
2018-01-31 15:55:44 2252 [Note] InnoDB: The InnoDB memory heap is disabled
2018-01-31 15:55:44 2252 [Note] InnoDB: Mutexes and rw_locks use Windows interlocked functions
2018-01-31 15:55:44 2252 [Note] InnoDB: Compressed tables use zlib 1.2.3
2018-01-31 15:55:44 2252 [Note] InnoDB: Not using CPU crc32 instructions
2018-01-31 15:55:44 2252 [Note] InnoDB: Initializing buffer pool, size = 128.0M
2018-01-31 15:55:44 2252 [Note] InnoDB: Completed initialization of buffer pool
2018-01-31 15:55:44 2252 [Note] InnoDB: Highest supported file format is Barracuda.
2018-01-31 15:55:44 2252 [Note] InnoDB: The log sequence numbers 1626134 and 1626134 in ibdata files do not match the log sequence number 1626646 in the ib_logfiles!
2018-01-31 15:55:44 2252 [Note] InnoDB: Database was not shutdown normally!
2018-01-31 15:55:44 2252 [Note] InnoDB: Starting crash recovery.
2018-01-31 15:55:44 2252 [Note] InnoDB: Reading tablespace information from the .ibd files...
2018-01-31 15:55:44 2252 [Note] InnoDB: Restoring possible half-written data pages 
2018-01-31 15:55:44 2252 [Note] InnoDB: from the doublewrite buffer...
2018-01-31 15:55:44 2252 [Note] InnoDB: 128 rollback segment(s) are active.
2018-01-31 15:55:44 2252 [Note] InnoDB: Waiting for purge to start
2018-01-31 15:55:44 2252 [Note] InnoDB: 5.6.13 started; log sequence number 1626646
2018-01-31 15:55:44 2252 [Note] Server hostname (bind-address): '*'; port: 3306
2018-01-31 15:55:44 2252 [Note] IPv6 is available.
2018-01-31 15:55:44 2252 [Note]   - '::' resolves to '::';
2018-01-31 15:55:44 2252 [Note] Server socket created on IP: '::'.
2018-02-02 15:11:47 1096 [Note] Plugin 'FEDERATED' is disabled.
2018-02-02 15:11:47 1096 [Note] InnoDB: The InnoDB memory heap is disabled
2018-02-02 15:11:47 1096 [Note] InnoDB: Mutexes and rw_locks use Windows interlocked functions
2018-02-02 15:11:47 1096 [Note] InnoDB: Compressed tables use zlib 1.2.3
2018-02-02 15:11:47 1096 [Note] InnoDB: Not using CPU crc32 instructions
2018-02-02 15:11:47 1096 [Note] InnoDB: Initializing buffer pool, size = 128.0M
2018-02-02 15:11:47 1096 [Note] InnoDB: Completed initialization of buffer pool
2018-02-02 15:11:47 1096 [Note] InnoDB: Highest supported file format is Barracuda.
2018-02-02 15:11:47 1096 [Note] InnoDB: The log sequence numbers 1626134 and 1626134 in ibdata files do not match the log sequence number 3032094 in the ib_logfiles!
2018-02-02 15:11:47 1096 [Note] InnoDB: Database was not shutdown normally!
2018-02-02 15:11:47 1096 [Note] InnoDB: Starting crash recovery.
2018-02-02 15:11:47 1096 [Note] InnoDB: Reading tablespace information from the .ibd files...
2018-02-02 15:11:47 1096 [Note] InnoDB: Restoring possible half-written data pages 
2018-02-02 15:11:47 1096 [Note] InnoDB: from the doublewrite buffer...
2018-02-02 15:11:48 1096 [Note] InnoDB: 128 rollback segment(s) are active.
2018-02-02 15:11:48 1096 [Note] InnoDB: Waiting for purge to start
2018-02-02 15:11:48 1096 [Note] InnoDB: 5.6.13 started; log sequence number 3032094
2018-02-02 15:11:48 1096 [Note] Server hostname (bind-address): '*'; port: 3306
2018-02-02 15:11:48 1096 [Note] IPv6 is available.
2018-02-02 15:11:48 1096 [Note]   - '::' resolves to '::';
2018-02-02 15:11:48 1096 [Note] Server socket created on IP: '::'.
2018-02-09 14:57:58 4164 [Note] Plugin 'FEDERATED' is disabled.
2018-02-09 14:57:58 4164 [Note] InnoDB: The InnoDB memory heap is disabled
2018-02-09 14:57:58 4164 [Note] InnoDB: Mutexes and rw_locks use Windows interlocked functions
2018-02-09 14:57:58 4164 [Note] InnoDB: Compressed tables use zlib 1.2.3
2018-02-09 14:57:58 4164 [Note] InnoDB: Not using CPU crc32 instructions
2018-02-09 14:57:58 4164 [Note] InnoDB: Initializing buffer pool, size = 128.0M
2018-02-09 14:57:58 4164 [Note] InnoDB: Completed initialization of buffer pool
2018-02-09 14:57:59 4164 [Note] InnoDB: Highest supported file format is Barracuda.
2018-02-09 14:57:59 4164 [Note] InnoDB: The log sequence numbers 1626134 and 1626134 in ibdata files do not match the log sequence number 3533049 in the ib_logfiles!
2018-02-09 14:57:59 4164 [Note] InnoDB: Database was not shutdown normally!
2018-02-09 14:57:59 4164 [Note] InnoDB: Starting crash recovery.
2018-02-09 14:57:59 4164 [Note] InnoDB: Reading tablespace information from the .ibd files...
2018-02-09 14:57:59 4164 [Note] InnoDB: Restoring possible half-written data pages 
2018-02-09 14:57:59 4164 [Note] InnoDB: from the doublewrite buffer...
2018-02-09 14:58:00 4164 [Note] InnoDB: 128 rollback segment(s) are active.
2018-02-09 14:58:00 4164 [Note] InnoDB: Waiting for purge to start
2018-02-09 14:58:00 4164 [Note] InnoDB: 5.6.13 started; log sequence number 3533049
2018-02-09 14:58:00 4164 [Note] Server hostname (bind-address): '*'; port: 3306
2018-02-09 14:58:00 4164 [Note] IPv6 is available.
2018-02-09 14:58:00 4164 [Note]   - '::' resolves to '::';
2018-02-09 14:58:00 4164 [Note] Server socket created on IP: '::'.
